<?xml version="1.0" encoding="UTF-8"?>
<testng-results skipped="0" failed="0" ignored="0" total="1" passed="1">
  <reporter-output>
  </reporter-output>
  <suite name="Smoke" duration-ms="43548" started-at="2021-02-23T09:32:53Z" finished-at="2021-02-23T09:33:36Z">
    <groups>
    </groups>
    <test name="GoogleCloud" duration-ms="43548" started-at="2021-02-23T09:32:53Z" finished-at="2021-02-23T09:33:36Z">
      <class name="by.automation.test.googlecloud.EmailGoogleCloudTest">
        <test-method status="PASS" signature="setUp()[pri:0, instance:by.automation.test.googlecloud.EmailGoogleCloudTest@68837a77]" name="setUp" is-config="true" duration-ms="5429" started-at="2021-02-23T09:32:53Z" finished-at="2021-02-23T09:32:58Z">
          <reporter-output>
          </reporter-output>
        </test-method> <!-- setUp -->
        <test-method status="PASS" signature="estimatedAmountTest()[pri:0, instance:by.automation.test.googlecloud.EmailGoogleCloudTest@68837a77]" name="estimatedAmountTest" duration-ms="36045" started-at="2021-02-23T09:32:58Z" description="check total estimated amount per month" finished-at="2021-02-23T09:33:34Z">
          <reporter-output>
          </reporter-output>
        </test-method> <!-- estimatedAmountTest -->
        <test-method status="PASS" signature="close()[pri:0, instance:by.automation.test.googlecloud.EmailGoogleCloudTest@68837a77]" name="close" is-config="true" duration-ms="2061" started-at="2021-02-23T09:33:34Z" finished-at="2021-02-23T09:33:36Z">
          <reporter-output>
          </reporter-output>
        </test-method> <!-- close -->
      </class> <!-- by.automation.test.googlecloud.EmailGoogleCloudTest -->
    </test> <!-- GoogleCloud -->
  </suite> <!-- Smoke -->
</testng-results>
